<component name="libraryTable">
  <library name="JUnit4">
    <CLASSES>
      <root url="file://$PROJECT_DIR$/../.jdks/JUnit4" />
    </CLASSES>
    <JAVADOC />
    <SOURCES />
    <jarDirectory url="file://$PROJECT_DIR$/../.jdks/JUnit4" recursive="false" />
  </library>
</component>